<?xml version="1.0" encoding="UTF-8"?>
<testsuite xmlns:xsi="http://www.w3.org/2001/XMLSchema-instance" xsi:noNamespaceSchemaLocation="https://maven.apache.org/surefire/maven-surefire-plugin/xsd/surefire-test-report.xsd" version="3.0.2" name="TestSuite" time="12.633" tests="3" errors="0" skipped="0" failures="0">
  <properties>
[...]
</properties>
  <testcase name="testMethod1" classname="TestProgramme.TestDemo" time="3.011">
    <system-out><![CDATA[Test 2 was passed
Test 1 was passed
]]></system-out>
    <system-err><![CDATA[SLF4J: Failed to load class "org.slf4j.impl.StaticLoggerBinder".
SLF4J: Defaulting to no-operation (NOP) logger implementation
SLF4J: See http://www.slf4j.org/codes.html#StaticLoggerBinder for further details.
]]></system-err>
  </testcase>
  <testcase name="testMethod3" classname="TestProgramme.TestDemo" time="3.013">
    <system-out><![CDATA[Test 3 was passed
]]></system-out>
  </testcase>
  <testcase name="testMethod4" classname="TestProgramme.TestDemo" time="3.01">
    <system-out><![CDATA[Test 4 was passed
]]></system-out>
  </testcase>
</testsuite>