<?xml version="1.0" encoding="UTF-8"?>
<!-- Generated by org.testng.reporters.JUnitXMLReporter -->
<testsuite ignored="0" hostname="Ganeshprasad" failures="0" tests="3" name="Parallel block 1" time="12.095" errors="0" timestamp="2024-07-25T18:47:07 IST">
  <testcase classname="TestProgramme.TestDemo" name="testMethod1" time="3.006"/>
  <testcase classname="TestProgramme.TestDemo" name="testMethod3" time="3.012"/>
  <testcase classname="TestProgramme.TestDemo" name="testMethod4" time="3.006"/>
</testsuite> <!-- Parallel block 1 -->
